<?xml version="1.0" encoding="UTF-8"?>
<Site BuildName="(empty)"
	BuildStamp="20250604-1620-Experimental"
	Name="(empty)"
	Generator="ctest-3.31.6"
	CompilerName=""
	CompilerVersion=""
	OSName="Linux"
	Hostname="fedora"
	OSRelease="6.14.8-300.fc42.x86_64"
	OSVersion="#1 SMP PREEMPT_DYNAMIC Thu May 22 19:26:02 UTC 2025"
	OSPlatform="x86_64"
	Is64Bits="1"
	VendorString="GenuineIntel"
	VendorID="Intel Corporation"
	FamilyID="6"
	ModelID="151"
	ModelName="12th Gen Intel(R) Core(TM) i7-12700K"
	ProcessorCacheSize="25600"
	NumberOfLogicalCPU="20"
	NumberOfPhysicalCPU="12"
	TotalVirtualMemory="16383"
	TotalPhysicalMemory="31823"
	LogicalProcessorsPerPhysical="1"
	ProcessorClockFrequency="5200"
	>
	<Testing>
		<StartDateTime>Jun 04 12:20 EDT</StartDateTime>
		<StartTestTime>1749054045</StartTestTime>
		<TestList/>
		<EndDateTime>Jun 04 12:20 EDT</EndDateTime>
		<EndTestTime>1749054045</EndTestTime>
		<ElapsedMinutes>0</ElapsedMinutes>
	</Testing>
</Site>
